0 info it worked if it ends with ok
1 verbose cli [ '/usr/local/bin/node', '/usr/local/bin/npm', 'restart' ]
2 info using npm@3.10.3
3 info using node@v6.3.0
4 verbose run-script [ 'prerestart',
4 verbose run-script   'prestop',
4 verbose run-script   'stop',
4 verbose run-script   'poststop',
4 verbose run-script   'restart',
4 verbose run-script   'prestart',
4 verbose run-script   'start',
4 verbose run-script   'poststart',
4 verbose run-script   'postrestart' ]
5 info lifecycle NodejsStarterApp@0.0.1~prerestart: NodejsStarterApp@0.0.1
6 silly lifecycle NodejsStarterApp@0.0.1~prerestart: no script for prerestart, continuing
7 info lifecycle NodejsStarterApp@0.0.1~prestop: NodejsStarterApp@0.0.1
8 silly lifecycle NodejsStarterApp@0.0.1~prestop: no script for prestop, continuing
9 info lifecycle NodejsStarterApp@0.0.1~stop: NodejsStarterApp@0.0.1
10 silly lifecycle NodejsStarterApp@0.0.1~stop: no script for stop, continuing
11 info lifecycle NodejsStarterApp@0.0.1~poststop: NodejsStarterApp@0.0.1
12 silly lifecycle NodejsStarterApp@0.0.1~poststop: no script for poststop, continuing
13 info lifecycle NodejsStarterApp@0.0.1~restart: NodejsStarterApp@0.0.1
14 silly lifecycle NodejsStarterApp@0.0.1~restart: no script for restart, continuing
15 info lifecycle NodejsStarterApp@0.0.1~prestart: NodejsStarterApp@0.0.1
16 silly lifecycle NodejsStarterApp@0.0.1~prestart: no script for prestart, continuing
17 info lifecycle NodejsStarterApp@0.0.1~start: NodejsStarterApp@0.0.1
18 verbose lifecycle NodejsStarterApp@0.0.1~start: unsafe-perm in lifecycle true
19 verbose lifecycle NodejsStarterApp@0.0.1~start: PATH: /usr/local/lib/node_modules/npm/bin/node-gyp-bin:/Users/IBM/Learning/Eclipse/Workspace/BMXDashboard/node_modules/.bin:/usr/local/bin:/usr/local/bin:/usr/bin:/bin:/usr/sbin:/sbin:/usr/local/Bluemix/bin
20 verbose lifecycle NodejsStarterApp@0.0.1~start: CWD: /Users/IBM/Learning/Eclipse/Workspace/BMXDashboard
21 silly lifecycle NodejsStarterApp@0.0.1~start: Args: [ '-c', 'node app.js' ]
22 silly lifecycle NodejsStarterApp@0.0.1~start: Returned: code: 1  signal: null
23 info lifecycle NodejsStarterApp@0.0.1~start: Failed to exec start script
24 verbose stack Error: NodejsStarterApp@0.0.1 start: `node app.js`
24 verbose stack Exit status 1
24 verbose stack     at EventEmitter.<anonymous> (/usr/local/lib/node_modules/npm/lib/utils/lifecycle.js:242:16)
24 verbose stack     at emitTwo (events.js:106:13)
24 verbose stack     at EventEmitter.emit (events.js:191:7)
24 verbose stack     at ChildProcess.<anonymous> (/usr/local/lib/node_modules/npm/lib/utils/spawn.js:40:14)
24 verbose stack     at emitTwo (events.js:106:13)
24 verbose stack     at ChildProcess.emit (events.js:191:7)
24 verbose stack     at maybeClose (internal/child_process.js:852:16)
24 verbose stack     at Process.ChildProcess._handle.onexit (internal/child_process.js:215:5)
25 verbose pkgid NodejsStarterApp@0.0.1
26 verbose cwd /Users/IBM/Learning/Eclipse/Workspace/BMXDashboard
27 error Darwin 16.0.0
28 error argv "/usr/local/bin/node" "/usr/local/bin/npm" "restart"
29 error node v6.3.0
30 error npm  v3.10.3
31 error code ELIFECYCLE
32 error NodejsStarterApp@0.0.1 start: `node app.js`
32 error Exit status 1
33 error Failed at the NodejsStarterApp@0.0.1 start script 'node app.js'.
33 error Make sure you have the latest version of node.js and npm installed.
33 error If you do, this is most likely a problem with the NodejsStarterApp package,
33 error not with npm itself.
33 error Tell the author that this fails on your system:
33 error     node app.js
33 error You can get information on how to open an issue for this project with:
33 error     npm bugs NodejsStarterApp
33 error Or if that isn't available, you can get their info via:
33 error     npm owner ls NodejsStarterApp
33 error There is likely additional logging output above.
34 verbose exit [ 1, true ]
